<?xml version="1.0" encoding="UTF-8"?>
<!-- Generated by org.testng.reporters.JUnitXMLReporter -->
<testsuite hostname="admin-PC" ignored="0" name="Default test" tests="3" failures="0" timestamp="05 Jan 2018 07:59:09 GMT" time="0.123" errors="0">
  <testcase name="loginhotmail" time="0.027" classname="manpack.hotmail"/>
  <testcase name="navtohotmail" time="0.003" classname="manpack.hotmail"/>
  <testcase name="openbrowser" time="0.002" classname="manpack.hotmail"/>
</testsuite> <!-- Default test -->
